# JRE version: OpenJDK Runtime Environment (15.0.2+7) (build 15.0.2+7-27)
# Java VM: OpenJDK 64-Bit Server VM (15.0.2+7-27, mixed mode, tiered, compressed oops, g1 gc, windows-amd64)
GC Precious Log:
 CPUs: 2 total, 2 available
 Memory: 7645M
 Large Page Support: Disabled
 NUMA Support: Disabled
 Compressed Oops: Enabled (32-bit)
 Heap Region Size: 1M
 Heap Min Capacity: 8M
 Heap Initial Capacity: 120M
 Heap Max Capacity: 1912M
 Pre-touch: Disabled
 Parallel Workers: 2
 Concurrent Workers: 1
 Concurrent Refinement Workers: 2
 Periodic GC: Disabled
Heap:
 garbage-first heap   total 48128K, used 22049K [0x0000000088800000, 0x0000000100000000)
  region size 1024K, 11 young (11264K), 2 survivors (2048K)
 Metaspace       used 37776K, capacity 38218K, committed 38320K, reserved 1083392K
  class space    used 4166K, capacity 4321K, committed 4352K, reserved 1048576K
GC Heap History (20 events):
Event: 4.111 GC heap before
{Heap before GC invocations=3 (full 0):
 garbage-first heap   total 122880K, used 27268K [0x0000000088800000, 0x0000000100000000)
  region size 1024K, 27 young (27648K), 2 survivors (2048K)
 Metaspace       used 21004K, capacity 21146K, committed 21296K, reserved 1069056K
  class space    used 2066K, capacity 2136K, committed 2176K, reserved 1048576K
}
Event: 4.120 GC heap after
{Heap after GC invocations=4 (full 0):
 garbage-first heap   total 122880K, used 4824K [0x0000000088800000, 0x0000000100000000)
  region size 1024K, 3 young (3072K), 3 survivors (3072K)
 Metaspace       used 21004K, capacity 21146K, committed 21296K, reserved 1069056K
  class space    used 2066K, capacity 2136K, committed 2176K, reserved 1048576K
}
Event: 4.647 GC heap before
{Heap before GC invocations=5 (full 0):
 garbage-first heap   total 20480K, used 13016K [0x0000000088800000, 0x0000000100000000)
  region size 1024K, 12 young (12288K), 3 survivors (3072K)
 Metaspace       used 22077K, capacity 22266K, committed 22448K, reserved 1069056K
  class space    used 2216K, capacity 2296K, committed 2304K, reserved 1048576K
}
Event: 4.663 GC heap after
{Heap after GC invocations=6 (full 0):
 garbage-first heap   total 20480K, used 5412K [0x0000000088800000, 0x0000000100000000)
  region size 1024K, 1 young (1024K), 1 survivors (1024K)
 Metaspace       used 22077K, capacity 22266K, committed 22448K, reserved 1069056K
  class space    used 2216K, capacity 2296K, committed 2304K, reserved 1048576K
}
Event: 4.971 GC heap before
{Heap before GC invocations=6 (full 0):
 garbage-first heap   total 20480K, used 12580K [0x0000000088800000, 0x0000000100000000)
  region size 1024K, 8 young (8192K), 1 survivors (1024K)
 Metaspace       used 22968K, capacity 23165K, committed 23344K, reserved 1071104K
  class space    used 2357K, capacity 2425K, committed 2432K, reserved 1048576K
}
Event: 4.975 GC heap after
{Heap after GC invocations=7 (full 0):
 garbage-first heap   total 20480K, used 5425K [0x0000000088800000, 0x0000000100000000)
  region size 1024K, 1 young (1024K), 1 survivors (1024K)
 Metaspace       used 22968K, capacity 23165K, committed 23344K, reserved 1071104K
  class space    used 2357K, capacity 2425K, committed 2432K, reserved 1048576K
}
Event: 5.301 GC heap before
{Heap before GC invocations=7 (full 0):
 garbage-first heap   total 20480K, used 12593K [0x0000000088800000, 0x0000000100000000)
  region size 1024K, 9 young (9216K), 1 survivors (1024K)
 Metaspace       used 23795K, capacity 24000K, committed 24240K, reserved 1071104K
  class space    used 2490K, capacity 2554K, committed 2560K, reserved 1048576K
}
Event: 5.308 GC heap after
{Heap after GC invocations=8 (full 0):
 garbage-first heap   total 20480K, used 6633K [0x0000000088800000, 0x0000000100000000)
  region size 1024K, 2 young (2048K), 2 survivors (2048K)
 Metaspace       used 23795K, capacity 24000K, committed 24240K, reserved 1071104K
  class space    used 2490K, capacity 2554K, committed 2560K, reserved 1048576K
}
Event: 5.545 GC heap before
{Heap before GC invocations=8 (full 0):
 garbage-first heap   total 20480K, used 11753K [0x0000000088800000, 0x0000000100000000)
  region size 1024K, 8 young (8192K), 2 survivors (2048K)
 Metaspace       used 24520K, capacity 24736K, committed 25008K, reserved 1071104K
  class space    used 2626K, capacity 2714K, committed 2816K, reserved 1048576K
}
Event: 5.554 GC heap after
{Heap after GC invocations=9 (full 0):
 garbage-first heap   total 20480K, used 6864K [0x0000000088800000, 0x0000000100000000)
  region size 1024K, 1 young (1024K), 1 survivors (1024K)
 Metaspace       used 24520K, capacity 24736K, committed 25008K, reserved 1071104K
  class space    used 2626K, capacity 2714K, committed 2816K, reserved 1048576K
}
Event: 5.850 GC heap before
{Heap before GC invocations=9 (full 0):
 garbage-first heap   total 20480K, used 13008K [0x0000000088800000, 0x0000000100000000)
  region size 1024K, 7 young (7168K), 1 survivors (1024K)
 Metaspace       used 25461K, capacity 25644K, committed 25904K, reserved 1073152K
  class space    used 2781K, capacity 2846K, committed 2944K, reserved 1048576K
}
Event: 5.854 GC heap after
{Heap after GC invocations=10 (full 0):
 garbage-first heap   total 71680K, used 6875K [0x0000000088800000, 0x0000000100000000)
  region size 1024K, 1 young (1024K), 1 survivors (1024K)
 Metaspace       used 25461K, capacity 25644K, committed 25904K, reserved 1073152K
  class space    used 2781K, capacity 2846K, committed 2944K, reserved 1048576K
}
Event: 8.539 GC heap before
{Heap before GC invocations=10 (full 0):
 garbage-first heap   total 71680K, used 48859K [0x0000000088800000, 0x0000000100000000)
  region size 1024K, 42 young (43008K), 1 survivors (1024K)
 Metaspace       used 34014K, capacity 34422K, committed 34736K, reserved 1079296K
  class space    used 3819K, capacity 3986K, committed 4096K, reserved 1048576K
}
Event: 8.549 GC heap after
{Heap after GC invocations=11 (full 0):
 garbage-first heap   total 71680K, used 10371K [0x0000000088800000, 0x0000000100000000)
  region size 1024K, 3 young (3072K), 3 survivors (3072K)
 Metaspace       used 34014K, capacity 34422K, committed 34736K, reserved 1079296K
  class space    used 3819K, capacity 3986K, committed 4096K, reserved 1048576K
}
Event: 9.315 GC heap before
{Heap before GC invocations=11 (full 0):
 garbage-first heap   total 71680K, used 17539K [0x0000000088800000, 0x0000000100000000)
  region size 1024K, 11 young (11264K), 3 survivors (3072K)
 Metaspace       used 35295K, capacity 35720K, committed 35888K, reserved 1081344K
  class space    used 3952K, capacity 4118K, committed 4224K, reserved 1048576K
}
Event: 9.324 GC heap after
{Heap after GC invocations=12 (full 0):
 garbage-first heap   total 71680K, used 10845K [0x0000000088800000, 0x0000000100000000)
  region size 1024K, 4 young (4096K), 4 survivors (4096K)
 Metaspace       used 35295K, capacity 35720K, committed 35888K, reserved 1081344K
  class space    used 3952K, capacity 4118K, committed 4224K, reserved 1048576K
}
Event: 10.985 GC heap before
{Heap before GC invocations=13 (full 0):
 garbage-first heap   total 48128K, used 34397K [0x0000000088800000, 0x0000000100000000)
  region size 1024K, 28 young (28672K), 4 survivors (4096K)
 Metaspace       used 36394K, capacity 36868K, committed 36912K, reserved 1081344K
  class space    used 4040K, capacity 4214K, committed 4224K, reserved 1048576K
}
Event: 10.997 GC heap after
{Heap after GC invocations=14 (full 0):
 garbage-first heap   total 48128K, used 11849K [0x0000000088800000, 0x0000000100000000)
  region size 1024K, 2 young (2048K), 2 survivors (2048K)
 Metaspace       used 36394K, capacity 36868K, committed 36912K, reserved 1081344K
  class space    used 4040K, capacity 4214K, committed 4224K, reserved 1048576K
}
Event: 12.716 GC heap before
{Heap before GC invocations=14 (full 0):
 garbage-first heap   total 48128K, used 34377K [0x0000000088800000, 0x0000000100000000)
  region size 1024K, 25 young (25600K), 2 survivors (2048K)
 Metaspace       used 36932K, capacity 37366K, committed 37552K, reserved 1083392K
  class space    used 4070K, capacity 4251K, committed 4352K, reserved 1048576K
}
Event: 12.722 GC heap after
{Heap after GC invocations=15 (full 0):
 garbage-first heap   total 48128K, used 11809K [0x0000000088800000, 0x0000000100000000)
  region size 1024K, 2 young (2048K), 2 survivors (2048K)
 Metaspace       used 36932K, capacity 37366K, committed 37552K, reserved 1083392K
  class space    used 4070K, capacity 4251K, committed 4352K, reserved 1048576K
}

